::1 - - [07/Sep/2020:12:30:39 +0000] "PUT /api/booking/5f5627c0aa7085274025c286 HTTP/1.1" 200 169 "http://localhost:3000/booking.html?5f5627c0aa7085274025c286" "Mozilla/5.0 (Windows NT 10.0; Win64; x64) AppleWebKit/537.36 (KHTML, like Gecko) Chrome/85.0.4183.83 Safari/537.36"
::1 - - [07/Sep/2020:12:31:01 +0000] "POST /api/book HTTP/1.1" 200 169 "-" "PostmanRuntime/7.26.3"
::1 - - [07/Sep/2020:12:31:07 +0000] "PUT /api/book HTTP/1.1" 404 147 "-" "PostmanRuntime/7.26.3"
::1 - - [07/Sep/2020:12:31:14 +0000] "PUT /api/booking HTTP/1.1" 404 150 "-" "PostmanRuntime/7.26.3"
::1 - - [07/Sep/2020:12:31:44 +0000] "POST /api/book HTTP/1.1" 200 169 "-" "PostmanRuntime/7.26.3"
::1 - - [07/Sep/2020:12:31:57 +0000] "PUT /api/booking HTTP/1.1" 404 150 "-" "PostmanRuntime/7.26.3"
::1 - - [18/Sep/2020:08:38:59 +0000] "GET / HTTP/1.1" 200 10055 "-" "Mozilla/5.0 (Windows NT 10.0; Win64; x64) AppleWebKit/537.36 (KHTML, like Gecko) Chrome/85.0.4183.102 Safari/537.36"
::1 - - [18/Sep/2020:08:38:59 +0000] "GET /styles.434540e1.css HTTP/1.1" 200 10709 "http://localhost:3000/" "Mozilla/5.0 (Windows NT 10.0; Win64; x64) AppleWebKit/537.36 (KHTML, like Gecko) Chrome/85.0.4183.102 Safari/537.36"
::1 - - [18/Sep/2020:08:38:59 +0000] "GET /styles.434540e1.js HTTP/1.1" 200 11328 "http://localhost:3000/" "Mozilla/5.0 (Windows NT 10.0; Win64; x64) AppleWebKit/537.36 (KHTML, like Gecko) Chrome/85.0.4183.102 Safari/537.36"
::1 - - [18/Sep/2020:08:38:59 +0000] "GET /menu.b84d0eba.js HTTP/1.1" 200 11314 "http://localhost:3000/" "Mozilla/5.0 (Windows NT 10.0; Win64; x64) AppleWebKit/537.36 (KHTML, like Gecko) Chrome/85.0.4183.102 Safari/537.36"
::1 - - [18/Sep/2020:08:38:59 +0000] "GET /js.00a46daa.js HTTP/1.1" 200 21329 "http://localhost:3000/" "Mozilla/5.0 (Windows NT 10.0; Win64; x64) AppleWebKit/537.36 (KHTML, like Gecko) Chrome/85.0.4183.102 Safari/537.36"
::1 - - [18/Sep/2020:08:38:59 +0000] "GET /burger-logo.3176b7d0.jpg HTTP/1.1" 200 11399 "http://localhost:3000/" "Mozilla/5.0 (Windows NT 10.0; Win64; x64) AppleWebKit/537.36 (KHTML, like Gecko) Chrome/85.0.4183.102 Safari/537.36"
::1 - - [18/Sep/2020:08:38:59 +0000] "GET /iconfinder_80-facebook_social_4202867.9b9f3571.png HTTP/1.1" 200 583 "http://localhost:3000/" "Mozilla/5.0 (Windows NT 10.0; Win64; x64) AppleWebKit/537.36 (KHTML, like Gecko) Chrome/85.0.4183.102 Safari/537.36"
::1 - - [18/Sep/2020:08:38:59 +0000] "GET /iconfinder_62-instagram_social_4202852.ab6b44fd.png HTTP/1.1" 200 1863 "http://localhost:3000/" "Mozilla/5.0 (Windows NT 10.0; Win64; x64) AppleWebKit/537.36 (KHTML, like Gecko) Chrome/85.0.4183.102 Safari/537.36"
::1 - - [18/Sep/2020:08:38:59 +0000] "GET /burger-logo-smaller.e1b388bd.jpg HTTP/1.1" 200 4032 "http://localhost:3000/" "Mozilla/5.0 (Windows NT 10.0; Win64; x64) AppleWebKit/537.36 (KHTML, like Gecko) Chrome/85.0.4183.102 Safari/537.36"
::1 - - [18/Sep/2020:08:38:59 +0000] "GET /iconfinder_18-tripadvisor_travel_social_4202797.45ea189d.png HTTP/1.1" 200 2076 "http://localhost:3000/" "Mozilla/5.0 (Windows NT 10.0; Win64; x64) AppleWebKit/537.36 (KHTML, like Gecko) Chrome/85.0.4183.102 Safari/537.36"
::1 - - [18/Sep/2020:08:38:59 +0000] "GET /waitress.91bd79d5.jpg HTTP/1.1" 200 216736 "http://localhost:3000/styles.434540e1.css" "Mozilla/5.0 (Windows NT 10.0; Win64; x64) AppleWebKit/537.36 (KHTML, like Gecko) Chrome/85.0.4183.102 Safari/537.36"
::1 - - [18/Sep/2020:08:38:59 +0000] "GET /burger-desktop.37203440.jpg HTTP/1.1" 200 322932 "http://localhost:3000/styles.434540e1.css" "Mozilla/5.0 (Windows NT 10.0; Win64; x64) AppleWebKit/537.36 (KHTML, like Gecko) Chrome/85.0.4183.102 Safari/537.36"
::1 - - [18/Sep/2020:08:39:00 +0000] "GET /favicon.8003f84c.png HTTP/1.1" 200 1567 "http://localhost:3000/" "Mozilla/5.0 (Windows NT 10.0; Win64; x64) AppleWebKit/537.36 (KHTML, like Gecko) Chrome/85.0.4183.102 Safari/537.36"
::1 - - [18/Sep/2020:08:39:28 +0000] "GET /book.html HTTP/1.1" 200 7899 "http://localhost:3000/" "Mozilla/5.0 (Windows NT 10.0; Win64; x64) AppleWebKit/537.36 (KHTML, like Gecko) Chrome/85.0.4183.102 Safari/537.36"
::1 - - [18/Sep/2020:08:39:28 +0000] "GET /book.b09b7cea.css HTTP/1.1" 200 10221 "http://localhost:3000/book.html" "Mozilla/5.0 (Windows NT 10.0; Win64; x64) AppleWebKit/537.36 (KHTML, like Gecko) Chrome/85.0.4183.102 Safari/537.36"
::1 - - [18/Sep/2020:08:39:28 +0000] "GET /book.b09b7cea.js HTTP/1.1" 200 11058 "http://localhost:3000/book.html" "Mozilla/5.0 (Windows NT 10.0; Win64; x64) AppleWebKit/537.36 (KHTML, like Gecko) Chrome/85.0.4183.102 Safari/537.36"
::1 - - [18/Sep/2020:08:39:28 +0000] "GET /burger-logo-smaller.e1b388bd.jpg HTTP/1.1" 304 - "http://localhost:3000/book.html" "Mozilla/5.0 (Windows NT 10.0; Win64; x64) AppleWebKit/537.36 (KHTML, like Gecko) Chrome/85.0.4183.102 Safari/537.36"
::1 - - [18/Sep/2020:08:39:28 +0000] "GET /book.198dd6d2.js HTTP/1.1" 200 76805 "http://localhost:3000/book.html" "Mozilla/5.0 (Windows NT 10.0; Win64; x64) AppleWebKit/537.36 (KHTML, like Gecko) Chrome/85.0.4183.102 Safari/537.36"
::1 - - [18/Sep/2020:08:39:28 +0000] "GET /burger-bg.dd8dc30b.jpeg HTTP/1.1" 200 211436 "http://localhost:3000/book.b09b7cea.css" "Mozilla/5.0 (Windows NT 10.0; Win64; x64) AppleWebKit/537.36 (KHTML, like Gecko) Chrome/85.0.4183.102 Safari/537.36"
::1 - - [18/Sep/2020:08:40:04 +0000] "POST /api/book HTTP/1.1" 200 192 "http://localhost:3000/book.html" "Mozilla/5.0 (Windows NT 10.0; Win64; x64) AppleWebKit/537.36 (KHTML, like Gecko) Chrome/85.0.4183.102 Safari/537.36"
::1 - - [18/Sep/2020:08:40:30 +0000] "GET /booking.html?5f6472647eb0770330a66020 HTTP/1.1" 200 8626 "http://localhost:3000/book.html" "Mozilla/5.0 (Windows NT 10.0; Win64; x64) AppleWebKit/537.36 (KHTML, like Gecko) Chrome/85.0.4183.102 Safari/537.36"
::1 - - [18/Sep/2020:08:40:30 +0000] "GET /book.b09b7cea.css HTTP/1.1" 304 - "http://localhost:3000/booking.html?5f6472647eb0770330a66020" "Mozilla/5.0 (Windows NT 10.0; Win64; x64) AppleWebKit/537.36 (KHTML, like Gecko) Chrome/85.0.4183.102 Safari/537.36"
::1 - - [18/Sep/2020:08:40:30 +0000] "GET /burger-logo-smaller.e1b388bd.jpg HTTP/1.1" 304 - "http://localhost:3000/booking.html?5f6472647eb0770330a66020" "Mozilla/5.0 (Windows NT 10.0; Win64; x64) AppleWebKit/537.36 (KHTML, like Gecko) Chrome/85.0.4183.102 Safari/537.36"
::1 - - [18/Sep/2020:08:40:30 +0000] "GET /burger-bg.dd8dc30b.jpeg HTTP/1.1" 304 - "http://localhost:3000/book.b09b7cea.css" "Mozilla/5.0 (Windows NT 10.0; Win64; x64) AppleWebKit/537.36 (KHTML, like Gecko) Chrome/85.0.4183.102 Safari/537.36"
::1 - - [18/Sep/2020:08:40:30 +0000] "GET /booking.6c777bf2.js HTTP/1.1" 200 79161 "http://localhost:3000/booking.html?5f6472647eb0770330a66020" "Mozilla/5.0 (Windows NT 10.0; Win64; x64) AppleWebKit/537.36 (KHTML, like Gecko) Chrome/85.0.4183.102 Safari/537.36"
::1 - - [18/Sep/2020:08:40:30 +0000] "GET /api/booking/5f6472647eb0770330a66020 HTTP/1.1" 200 192 "http://localhost:3000/booking.html?5f6472647eb0770330a66020" "Mozilla/5.0 (Windows NT 10.0; Win64; x64) AppleWebKit/537.36 (KHTML, like Gecko) Chrome/85.0.4183.102 Safari/537.36"
::1 - - [18/Sep/2020:08:40:57 +0000] "PUT /api/booking/5f6472647eb0770330a66020 HTTP/1.1" 200 185 "http://localhost:3000/booking.html?5f6472647eb0770330a66020" "Mozilla/5.0 (Windows NT 10.0; Win64; x64) AppleWebKit/537.36 (KHTML, like Gecko) Chrome/85.0.4183.102 Safari/537.36"
::1 - - [18/Sep/2020:08:41:00 +0000] "GET /booking.html?5f6472647eb0770330a66020 HTTP/1.1" 304 - "http://localhost:3000/booking.html?5f6472647eb0770330a66020" "Mozilla/5.0 (Windows NT 10.0; Win64; x64) AppleWebKit/537.36 (KHTML, like Gecko) Chrome/85.0.4183.102 Safari/537.36"
::1 - - [18/Sep/2020:08:41:00 +0000] "GET /book.b09b7cea.css HTTP/1.1" 304 - "http://localhost:3000/booking.html?5f6472647eb0770330a66020" "Mozilla/5.0 (Windows NT 10.0; Win64; x64) AppleWebKit/537.36 (KHTML, like Gecko) Chrome/85.0.4183.102 Safari/537.36"
::1 - - [18/Sep/2020:08:41:00 +0000] "GET /booking.6c777bf2.js HTTP/1.1" 304 - "http://localhost:3000/booking.html?5f6472647eb0770330a66020" "Mozilla/5.0 (Windows NT 10.0; Win64; x64) AppleWebKit/537.36 (KHTML, like Gecko) Chrome/85.0.4183.102 Safari/537.36"
::1 - - [18/Sep/2020:08:41:00 +0000] "GET /burger-logo-smaller.e1b388bd.jpg HTTP/1.1" 304 - "http://localhost:3000/booking.html?5f6472647eb0770330a66020" "Mozilla/5.0 (Windows NT 10.0; Win64; x64) AppleWebKit/537.36 (KHTML, like Gecko) Chrome/85.0.4183.102 Safari/537.36"
::1 - - [18/Sep/2020:08:41:00 +0000] "GET /api/booking/5f6472647eb0770330a66020 HTTP/1.1" 200 185 "http://localhost:3000/booking.html?5f6472647eb0770330a66020" "Mozilla/5.0 (Windows NT 10.0; Win64; x64) AppleWebKit/537.36 (KHTML, like Gecko) Chrome/85.0.4183.102 Safari/537.36"
::1 - - [18/Sep/2020:08:41:00 +0000] "GET /burger-bg.dd8dc30b.jpeg HTTP/1.1" 304 - "http://localhost:3000/book.b09b7cea.css" "Mozilla/5.0 (Windows NT 10.0; Win64; x64) AppleWebKit/537.36 (KHTML, like Gecko) Chrome/85.0.4183.102 Safari/537.36"
::1 - - [18/Sep/2020:08:41:04 +0000] "DELETE /api/booking/5f6472647eb0770330a66020 HTTP/1.1" 200 25 "http://localhost:3000/booking.html?5f6472647eb0770330a66020" "Mozilla/5.0 (Windows NT 10.0; Win64; x64) AppleWebKit/537.36 (KHTML, like Gecko) Chrome/85.0.4183.102 Safari/537.36"
